*** processed args: Namespace(alias=None, build='release64', components=['translate', 'preprocess', 'search'], filenames=['light_up_domain.pddl', 'example1_readable.pddl'], plan_file='sas_plan', planner_args=['light_up_domain.pddl', 'example1_readable.pddl', '--search', 'wastar(hm(1), w=1)'], preprocess=False, preprocess_input='output.sas', preprocess_options=[], run_all=False, run_search=False, search_input='output', search_options=['--search', 'wastar(hm(1), w=1)'], show_aliases=False, translate=False, translate_inputs=['light_up_domain.pddl', 'example1_readable.pddl'], translate_options=[])
INFO     Running translator.
INFO     callstring: /usr/bin/python3.6 /home/jack/Documents/AutonomousIntelligentSystems/ass1/FinalProjectResources/fd-stripped/builds/release64/bin/translate/translate.py light_up_domain.pddl example1_readable.pddl
Parsing...
Parsing: [0.000s CPU, 0.003s wall-clock]
Normalizing task... [0.000s CPU, 0.000s wall-clock]
Instantiating...
Generating Datalog program... [0.000s CPU, 0.001s wall-clock]
Normalizing Datalog program...
Normalizing Datalog program: [0.010s CPU, 0.002s wall-clock]
Preparing model... [0.000s CPU, 0.002s wall-clock]
Generated 41 rules.
Computing model... [0.010s CPU, 0.008s wall-clock]
358 relevant atoms
243 auxiliary atoms
601 final queue length
3648 total queue pushes
Completing instantiation... [0.080s CPU, 0.084s wall-clock]
Instantiating: [0.100s CPU, 0.097s wall-clock]
Computing fact groups...
Finding invariants...
7 initial candidates
Finding invariants: [0.000s CPU, 0.001s wall-clock]
Checking invariant weight... [0.000s CPU, 0.000s wall-clock]
Instantiating groups... [0.000s CPU, 0.000s wall-clock]
Collecting mutex groups... [0.000s CPU, 0.000s wall-clock]
Choosing groups...
97 uncovered facts
Choosing groups: [0.000s CPU, 0.000s wall-clock]
Building translation key... [0.000s CPU, 0.000s wall-clock]
Computing fact groups: [0.000s CPU, 0.002s wall-clock]
Building STRIPS to SAS dictionary... [0.000s CPU, 0.000s wall-clock]
Building dictionary for full mutex groups... [0.000s CPU, 0.000s wall-clock]
Building mutex information...
Building mutex information: [0.000s CPU, 0.000s wall-clock]
Translating task...
Processing axioms...
Simplifying axioms... [0.000s CPU, 0.000s wall-clock]
Processing axioms: [0.000s CPU, 0.001s wall-clock]
Translating task: [0.010s CPU, 0.004s wall-clock]
56 effect conditions simplified
0 implied preconditions added
Detecting unreachable propositions...
0 operators removed
104 propositions removed
Detecting unreachable propositions: [0.000s CPU, 0.002s wall-clock]
Translator variables: 45
Translator derived variables: 0
Translator facts: 90
Translator goal facts: 25
Translator mutex groups: 0
Translator total mutex groups size: 0
Translator operators: 19
Translator axioms: 0
Translator task size: 541
Translator peak memory: 20328 KB
Writing output... [0.000s CPU, 0.001s wall-clock]
Done! [0.110s CPU, 0.109s wall-clock]
INFO     Running preprocessor (release64).
INFO     callstring: /home/jack/Documents/AutonomousIntelligentSystems/ass1/FinalProjectResources/fd-stripped/builds/release64/bin/preprocess < output.sas
Building causal graph...
The causal graph is not acyclic.
32 variables of 45 necessary
0 of 0 mutex groups necessary.
19 of 19 operators necessary.
0 of 0 axiom rules necessary.
Building domain transition graphs...
solveable in poly time 0
Building successor generator...
Preprocessor facts: 64
Preprocessor derived variables: 0
Preprocessor task size: 392
Writing output...
done

INFO     Running search (release64).
INFO     search executable: /home/jack/Documents/AutonomousIntelligentSystems/ass1/FinalProjectResources/fd-stripped/builds/release64/bin/downward
INFO     callstring: /home/jack/Documents/AutonomousIntelligentSystems/ass1/FinalProjectResources/fd-stripped/builds/release64/bin/downward --search 'wastar(hm(1), w=1)' --plan-file sas_plan < output
reading input... [t=0s]
Simplifying transitions... done!
done reading input! [t=0s]
building causal graph...done! [t=0s]
packing state variables...Variables: 32
Bytes per state: 4
done! [t=0s]
done initalizing global data [t=0s]
Conducting best first search with reopening closed nodes, (real) bound = 2147483647
Using h^1.
The implementation of the h^m heuristic is preliminary.
It is SLOOOOOOOOOOOW.
Please do not use this for comparison!
f = 1 [1 evaluated, 0 expanded, t=0s, 6720 KB]
Best heuristic value: 1 [g=0, 1 evaluated, 0 expanded, t=0s, 6720 KB]
f = 2 [20 evaluated, 1 expanded, t=0s, 6720 KB]
f = 3 [142 evaluated, 20 expanded, t=0s, 6720 KB]
f = 4 [483 evaluated, 131 expanded, t=0.01s, 6720 KB]
f = 5 [888 evaluated, 374 expanded, t=0.02s, 6720 KB]
f = 6 [1089 evaluated, 571 expanded, t=0.02s, 6720 KB]
Solution found!
Actual search time: 0.02s [t=0.02s]
light-up x0 y3 (1)
light-up x1 y4 (1)
light-up x2 y1 (1)
light-up x3 y2 (1)
light-up x4 y0 (1)
light-up x4 y3 (1)
Plan length: 6 step(s).
Plan cost: 6
Initial state h value: 1.
Expanded 611 state(s).
Reopened 0 state(s).
Evaluated 1119 state(s).
Evaluations: 1119
Generated 3515 state(s).
Dead ends: 493 state(s).
Expanded until last jump: 571 state(s).
Reopened until last jump: 0 state(s).
Evaluated until last jump: 1089 state(s).
Generated until last jump: 3439 state(s).
Number of registered states: 1119
Search time: 0.02s
Total time: 0.02s
Solution found.
Peak memory: 6720 KB
